<?xml version="1.0" encoding="UTF-8"?>
<testsuite xmlns:xsi="http://www.w3.org/2001/XMLSchema-instance" xsi:noNamespaceSchemaLocation="https://maven.apache.org/surefire/maven-surefire-plugin/xsd/surefire-test-report-3.0.xsd" version="3.0" name="com.example.ApiGatewayApplicationTest" time="21.794" tests="2" errors="0" skipped="0" failures="0">
  <properties>
[...]
</properties>
  <testcase name="applicationStarts" classname="com.example.ApiGatewayApplicationTest" time="6.087">
    <system-out><![CDATA[20:35:30.244 [main] INFO org.springframework.test.context.support.AnnotationConfigContextLoaderUtils -- Could not detect default configuration classes for test class [com.example.ApiGatewayApplicationTest]: ApiGatewayApplicationTest does not declare any static, non-private, non-final, nested classes annotated with @Configuration.
20:35:30.577 [main] INFO org.springframework.boot.test.context.SpringBootTestContextBootstrapper -- Found @SpringBootConfiguration com.example.ApiGatewayApplication for test class com.example.ApiGatewayApplicationTest

               ,--.                        ,--.
 ,--,--. ,---. `--',-----. ,---.  ,--,--.,-'  '-. ,---. ,--.   ,--. ,--,--.,--. ,--.
' ,-.  || .-. |,--.'-----'| .-. |' ,-.  |'-.  .-'| .-. :|  |.'.|  |' ,-.  | \  '  /
\ '-'  || '-' '|  |       ' '-' '\ '-'  |  |  |  \   --.|   .'.   |\ '-'  |  \   '
 `--`--'|  |-' `--'       .`-  /  `--`--'  `--'   `----''--'   '--' `--`--'.-'  /
        `--'              `---'                                            `---'
api-gateway - Componente de Suporte -v1.0
Desenvolvido para ESTG - MTSDS por Célia Paiva - nº8220954

Powered by Spring Boot 3.1.2
Run in: 8080
2025-01-20T20:35:32.631Z  INFO 29216 --- [           main] com.example.ApiGatewayApplicationTest    : Starting ApiGatewayApplicationTest using Java 17.0.6 with PID 29216 (started by celia in C:\Users\celia\meus_projetos\mtsdsgrupo7\api-gateway)
2025-01-20T20:35:32.641Z  INFO 29216 --- [           main] com.example.ApiGatewayApplicationTest    : No active profile set, falling back to 1 default profile: "default"
2025-01-20T20:35:37.263Z  INFO 29216 --- [           main] o.s.cloud.context.scope.GenericScope     : BeanFactory id=cfaf06a6-13ef-3c05-b4aa-a5197c874a84
2025-01-20T20:35:37.741Z  INFO 29216 --- [           main] trationDelegate$BeanPostProcessorChecker : Bean 'org.springframework.cloud.client.loadbalancer.reactive.LoadBalancerBeanPostProcessorAutoConfiguration' of type [org.springframework.cloud.client.loadbalancer.reactive.LoadBalancerBeanPostProcessorAutoConfiguration] is not eligible for getting processed by all BeanPostProcessors (for example: not eligible for auto-proxying)
2025-01-20T20:35:37.747Z  INFO 29216 --- [           main] trationDelegate$BeanPostProcessorChecker : Bean 'org.springframework.cloud.client.loadbalancer.reactive.LoadBalancerBeanPostProcessorAutoConfiguration$ReactorDeferringLoadBalancerFilterConfig' of type [org.springframework.cloud.client.loadbalancer.reactive.LoadBalancerBeanPostProcessorAutoConfiguration$ReactorDeferringLoadBalancerFilterConfig] is not eligible for getting processed by all BeanPostProcessors (for example: not eligible for auto-proxying)
2025-01-20T20:35:37.753Z  INFO 29216 --- [           main] trationDelegate$BeanPostProcessorChecker : Bean 'reactorDeferringLoadBalancerExchangeFilterFunction' of type [org.springframework.cloud.client.loadbalancer.reactive.DeferringLoadBalancerExchangeFilterFunction] is not eligible for getting processed by all BeanPostProcessors (for example: not eligible for auto-proxying)
2025-01-20T20:35:41.722Z  INFO 29216 --- [           main] o.s.c.g.r.RouteDefinitionRouteLocator    : Loaded RoutePredicateFactory [After]
2025-01-20T20:35:41.722Z  INFO 29216 --- [           main] o.s.c.g.r.RouteDefinitionRouteLocator    : Loaded RoutePredicateFactory [Before]
2025-01-20T20:35:41.723Z  INFO 29216 --- [           main] o.s.c.g.r.RouteDefinitionRouteLocator    : Loaded RoutePredicateFactory [Between]
2025-01-20T20:35:41.723Z  INFO 29216 --- [           main] o.s.c.g.r.RouteDefinitionRouteLocator    : Loaded RoutePredicateFactory [Cookie]
2025-01-20T20:35:41.723Z  INFO 29216 --- [           main] o.s.c.g.r.RouteDefinitionRouteLocator    : Loaded RoutePredicateFactory [Header]
2025-01-20T20:35:41.723Z  INFO 29216 --- [           main] o.s.c.g.r.RouteDefinitionRouteLocator    : Loaded RoutePredicateFactory [Host]
2025-01-20T20:35:41.723Z  INFO 29216 --- [           main] o.s.c.g.r.RouteDefinitionRouteLocator    : Loaded RoutePredicateFactory [Method]
2025-01-20T20:35:41.723Z  INFO 29216 --- [           main] o.s.c.g.r.RouteDefinitionRouteLocator    : Loaded RoutePredicateFactory [Path]
2025-01-20T20:35:41.724Z  INFO 29216 --- [           main] o.s.c.g.r.RouteDefinitionRouteLocator    : Loaded RoutePredicateFactory [Query]
2025-01-20T20:35:41.724Z  INFO 29216 --- [           main] o.s.c.g.r.RouteDefinitionRouteLocator    : Loaded RoutePredicateFactory [ReadBody]
2025-01-20T20:35:41.724Z  INFO 29216 --- [           main] o.s.c.g.r.RouteDefinitionRouteLocator    : Loaded RoutePredicateFactory [RemoteAddr]
2025-01-20T20:35:41.725Z  INFO 29216 --- [           main] o.s.c.g.r.RouteDefinitionRouteLocator    : Loaded RoutePredicateFactory [XForwardedRemoteAddr]
2025-01-20T20:35:41.725Z  INFO 29216 --- [           main] o.s.c.g.r.RouteDefinitionRouteLocator    : Loaded RoutePredicateFactory [Weight]
2025-01-20T20:35:41.725Z  INFO 29216 --- [           main] o.s.c.g.r.RouteDefinitionRouteLocator    : Loaded RoutePredicateFactory [CloudFoundryRouteService]
2025-01-20T20:35:42.835Z  INFO 29216 --- [           main] o.s.b.a.e.web.EndpointLinksResolver      : Exposing 1 endpoint(s) beneath base path '/actuator'
2025-01-20T20:35:43.398Z  INFO 29216 --- [           main] DiscoveryClientOptionalArgsConfiguration : Eureka HTTP Client uses RestTemplate.
2025-01-20T20:35:43.504Z  WARN 29216 --- [           main] iguration$LoadBalancerCaffeineWarnLogger : Spring Cloud LoadBalancer is currently working with the default cache. While this cache implementation is useful for development and tests, it's recommended to use Caffeine cache in production.You can switch to using Caffeine cache, by adding it and org.springframework.cache.caffeine.CaffeineCacheManager to the classpath.
2025-01-20T20:35:43.664Z  INFO 29216 --- [           main] o.s.c.n.eureka.InstanceInfoFactory       : Setting initial instance status as: STARTING
2025-01-20T20:35:43.913Z  INFO 29216 --- [           main] com.netflix.discovery.DiscoveryClient    : Initializing Eureka in region us-east-1
2025-01-20T20:35:43.932Z  INFO 29216 --- [           main] c.n.d.s.r.aws.ConfigClusterResolver      : Resolving eureka endpoints via configuration
2025-01-20T20:35:44.022Z  INFO 29216 --- [           main] com.netflix.discovery.DiscoveryClient    : Disable delta property : false
2025-01-20T20:35:44.023Z  INFO 29216 --- [           main] com.netflix.discovery.DiscoveryClient    : Single vip registry refresh property : null
2025-01-20T20:35:44.024Z  INFO 29216 --- [           main] com.netflix.discovery.DiscoveryClient    : Force full registry fetch : false
2025-01-20T20:35:44.024Z  INFO 29216 --- [           main] com.netflix.discovery.DiscoveryClient    : Application is null : false
2025-01-20T20:35:44.024Z  INFO 29216 --- [           main] com.netflix.discovery.DiscoveryClient    : Registered Applications size is zero : true
2025-01-20T20:35:44.024Z  INFO 29216 --- [           main] com.netflix.discovery.DiscoveryClient    : Application version is -1: true
2025-01-20T20:35:44.024Z  INFO 29216 --- [           main] com.netflix.discovery.DiscoveryClient    : Getting all instance registry info from the eureka server
2025-01-20T20:35:45.239Z  INFO 29216 --- [           main] com.netflix.discovery.DiscoveryClient    : The response status is 200
2025-01-20T20:35:45.245Z  INFO 29216 --- [           main] com.netflix.discovery.DiscoveryClient    : Starting heartbeat executor: renew interval is: 30
2025-01-20T20:35:45.255Z  INFO 29216 --- [           main] c.n.discovery.InstanceInfoReplicator     : InstanceInfoReplicator onDemand update allowed rate per min is 4
2025-01-20T20:35:45.274Z  INFO 29216 --- [           main] com.netflix.discovery.DiscoveryClient    : Discovery Client initialized at timestamp 1737405345271 with initial instances count: 0
2025-01-20T20:35:45.278Z  INFO 29216 --- [           main] o.s.c.n.e.s.EurekaServiceRegistry        : Registering application API-GATEWAY with eureka with status UP
2025-01-20T20:35:45.280Z  INFO 29216 --- [           main] com.netflix.discovery.DiscoveryClient    : Saw local status change event StatusChangeEvent [timestamp=1737405345280, current=UP, previous=STARTING]
2025-01-20T20:35:45.285Z  INFO 29216 --- [nfoReplicator-0] com.netflix.discovery.DiscoveryClient    : DiscoveryClient_API-GATEWAY/host.docker.internal:api-gateway:8080: registering service...
2025-01-20T20:35:45.404Z  INFO 29216 --- [nfoReplicator-0] com.netflix.discovery.DiscoveryClient    : DiscoveryClient_API-GATEWAY/host.docker.internal:api-gateway:8080 - registration status: 204
2025-01-20T20:35:45.437Z DEBUG 29216 --- [           main] o.s.c.g.filter.GatewayMetricsFilter      : New routes count: 0
2025-01-20T20:35:45.491Z DEBUG 29216 --- [           main] o.s.c.g.filter.GatewayMetricsFilter      : New routes count: 0
2025-01-20T20:35:45.498Z  INFO 29216 --- [           main] com.example.ApiGatewayApplicationTest    : Started ApiGatewayApplicationTest in 14.618 seconds (process running for 17.169)

               ,--.                        ,--.
 ,--,--. ,---. `--',-----. ,---.  ,--,--.,-'  '-. ,---. ,--.   ,--. ,--,--.,--. ,--.
' ,-.  || .-. |,--.'-----'| .-. |' ,-.  |'-.  .-'| .-. :|  |.'.|  |' ,-.  | \  '  /
\ '-'  || '-' '|  |       ' '-' '\ '-'  |  |  |  \   --.|   .'.   |\ '-'  |  \   '
 `--`--'|  |-' `--'       .`-  /  `--`--'  `--'   `----''--'   '--' `--`--'.-'  /
        `--'              `---'                                            `---'
api-gateway - Componente de Suporte -v1.0
Desenvolvido para ESTG - MTSDS por Célia Paiva - nº8220954

Powered by Spring Boot 3.1.2
Run in: 8080
2025-01-20T20:35:47.476Z  INFO 29216 --- [           main] com.example.ApiGatewayApplication        : Starting ApiGatewayApplication using Java 17.0.6 with PID 29216 (started by celia in C:\Users\celia\meus_projetos\mtsdsgrupo7\api-gateway)
2025-01-20T20:35:47.477Z  INFO 29216 --- [           main] com.example.ApiGatewayApplication        : No active profile set, falling back to 1 default profile: "default"
2025-01-20T20:35:48.427Z  INFO 29216 --- [           main] o.s.cloud.context.scope.GenericScope     : BeanFactory id=c1eb59ea-9b53-309d-ad60-394c59d3354a
2025-01-20T20:35:48.456Z  INFO 29216 --- [           main] trationDelegate$BeanPostProcessorChecker : Bean 'org.springframework.cloud.client.loadbalancer.reactive.LoadBalancerBeanPostProcessorAutoConfiguration' of type [org.springframework.cloud.client.loadbalancer.reactive.LoadBalancerBeanPostProcessorAutoConfiguration] is not eligible for getting processed by all BeanPostProcessors (for example: not eligible for auto-proxying)
2025-01-20T20:35:48.457Z  INFO 29216 --- [           main] trationDelegate$BeanPostProcessorChecker : Bean 'org.springframework.cloud.client.loadbalancer.reactive.LoadBalancerBeanPostProcessorAutoConfiguration$ReactorDeferringLoadBalancerFilterConfig' of type [org.springframework.cloud.client.loadbalancer.reactive.LoadBalancerBeanPostProcessorAutoConfiguration$ReactorDeferringLoadBalancerFilterConfig] is not eligible for getting processed by all BeanPostProcessors (for example: not eligible for auto-proxying)
2025-01-20T20:35:48.458Z  INFO 29216 --- [           main] trationDelegate$BeanPostProcessorChecker : Bean 'reactorDeferringLoadBalancerExchangeFilterFunction' of type [org.springframework.cloud.client.loadbalancer.reactive.DeferringLoadBalancerExchangeFilterFunction] is not eligible for getting processed by all BeanPostProcessors (for example: not eligible for auto-proxying)
2025-01-20T20:35:48.857Z  INFO 29216 --- [           main] o.s.b.w.embedded.tomcat.TomcatWebServer  : Tomcat initialized with port(s): 8080 (http)
2025-01-20T20:35:48.880Z  INFO 29216 --- [           main] o.apache.catalina.core.StandardService   : Starting service [Tomcat]
2025-01-20T20:35:48.881Z  INFO 29216 --- [           main] o.apache.catalina.core.StandardEngine    : Starting Servlet engine: [Apache Tomcat/10.1.11]
2025-01-20T20:35:50.025Z  INFO 29216 --- [           main] o.s.c.g.r.RouteDefinitionRouteLocator    : Loaded RoutePredicateFactory [After]
2025-01-20T20:35:50.025Z  INFO 29216 --- [           main] o.s.c.g.r.RouteDefinitionRouteLocator    : Loaded RoutePredicateFactory [Before]
2025-01-20T20:35:50.026Z  INFO 29216 --- [           main] o.s.c.g.r.RouteDefinitionRouteLocator    : Loaded RoutePredicateFactory [Between]
2025-01-20T20:35:50.026Z  INFO 29216 --- [           main] o.s.c.g.r.RouteDefinitionRouteLocator    : Loaded RoutePredicateFactory [Cookie]
2025-01-20T20:35:50.026Z  INFO 29216 --- [           main] o.s.c.g.r.RouteDefinitionRouteLocator    : Loaded RoutePredicateFactory [Header]
2025-01-20T20:35:50.026Z  INFO 29216 --- [           main] o.s.c.g.r.RouteDefinitionRouteLocator    : Loaded RoutePredicateFactory [Host]
2025-01-20T20:35:50.026Z  INFO 29216 --- [           main] o.s.c.g.r.RouteDefinitionRouteLocator    : Loaded RoutePredicateFactory [Method]
2025-01-20T20:35:50.026Z  INFO 29216 --- [           main] o.s.c.g.r.RouteDefinitionRouteLocator    : Loaded RoutePredicateFactory [Path]
2025-01-20T20:35:50.026Z  INFO 29216 --- [           main] o.s.c.g.r.RouteDefinitionRouteLocator    : Loaded RoutePredicateFactory [Query]
2025-01-20T20:35:50.027Z  INFO 29216 --- [           main] o.s.c.g.r.RouteDefinitionRouteLocator    : Loaded RoutePredicateFactory [ReadBody]
2025-01-20T20:35:50.027Z  INFO 29216 --- [           main] o.s.c.g.r.RouteDefinitionRouteLocator    : Loaded RoutePredicateFactory [RemoteAddr]
2025-01-20T20:35:50.027Z  INFO 29216 --- [           main] o.s.c.g.r.RouteDefinitionRouteLocator    : Loaded RoutePredicateFactory [XForwardedRemoteAddr]
2025-01-20T20:35:50.027Z  INFO 29216 --- [           main] o.s.c.g.r.RouteDefinitionRouteLocator    : Loaded RoutePredicateFactory [Weight]
2025-01-20T20:35:50.027Z  INFO 29216 --- [           main] o.s.c.g.r.RouteDefinitionRouteLocator    : Loaded RoutePredicateFactory [CloudFoundryRouteService]
2025-01-20T20:35:50.556Z  INFO 29216 --- [           main] o.s.b.a.e.web.EndpointLinksResolver      : Exposing 1 endpoint(s) beneath base path '/actuator'
2025-01-20T20:35:50.637Z  INFO 29216 --- [           main] DiscoveryClientOptionalArgsConfiguration : Eureka HTTP Client uses RestTemplate.
2025-01-20T20:35:50.665Z  WARN 29216 --- [           main] iguration$LoadBalancerCaffeineWarnLogger : Spring Cloud LoadBalancer is currently working with the default cache. While this cache implementation is useful for development and tests, it's recommended to use Caffeine cache in production.You can switch to using Caffeine cache, by adding it and org.springframework.cache.caffeine.CaffeineCacheManager to the classpath.
2025-01-20T20:35:50.689Z  INFO 29216 --- [           main] o.s.c.n.eureka.InstanceInfoFactory       : Setting initial instance status as: STARTING
2025-01-20T20:35:50.705Z  INFO 29216 --- [           main] com.netflix.discovery.DiscoveryClient    : Initializing Eureka in region us-east-1
2025-01-20T20:35:50.706Z  INFO 29216 --- [           main] c.n.d.s.r.aws.ConfigClusterResolver      : Resolving eureka endpoints via configuration
2025-01-20T20:35:50.714Z  INFO 29216 --- [           main] com.netflix.discovery.DiscoveryClient    : Disable delta property : false
2025-01-20T20:35:50.715Z  INFO 29216 --- [           main] com.netflix.discovery.DiscoveryClient    : Single vip registry refresh property : null
2025-01-20T20:35:50.715Z  INFO 29216 --- [           main] com.netflix.discovery.DiscoveryClient    : Force full registry fetch : false
2025-01-20T20:35:50.715Z  INFO 29216 --- [           main] com.netflix.discovery.DiscoveryClient    : Application is null : false
2025-01-20T20:35:50.715Z  INFO 29216 --- [           main] com.netflix.discovery.DiscoveryClient    : Registered Applications size is zero : true
2025-01-20T20:35:50.715Z  INFO 29216 --- [           main] com.netflix.discovery.DiscoveryClient    : Application version is -1: true
2025-01-20T20:35:50.715Z  INFO 29216 --- [           main] com.netflix.discovery.DiscoveryClient    : Getting all instance registry info from the eureka server
2025-01-20T20:35:50.773Z  INFO 29216 --- [           main] com.netflix.discovery.DiscoveryClient    : The response status is 200
2025-01-20T20:35:50.777Z  INFO 29216 --- [           main] com.netflix.discovery.DiscoveryClient    : Starting heartbeat executor: renew interval is: 30
2025-01-20T20:35:50.784Z  INFO 29216 --- [           main] c.n.discovery.InstanceInfoReplicator     : InstanceInfoReplicator onDemand update allowed rate per min is 4
2025-01-20T20:35:50.788Z  INFO 29216 --- [           main] com.netflix.discovery.DiscoveryClient    : Discovery Client initialized at timestamp 1737405350788 with initial instances count: 0
2025-01-20T20:35:50.790Z  INFO 29216 --- [           main] o.s.c.n.e.s.EurekaServiceRegistry        : Registering application API-GATEWAY with eureka with status UP
2025-01-20T20:35:50.791Z  INFO 29216 --- [           main] com.netflix.discovery.DiscoveryClient    : Saw local status change event StatusChangeEvent [timestamp=1737405350791, current=UP, previous=STARTING]
2025-01-20T20:35:50.792Z  INFO 29216 --- [nfoReplicator-0] com.netflix.discovery.DiscoveryClient    : DiscoveryClient_API-GATEWAY/host.docker.internal:api-gateway:8080: registering service...
2025-01-20T20:35:50.799Z DEBUG 29216 --- [           main] o.s.c.g.filter.GatewayMetricsFilter      : New routes count: 0
2025-01-20T20:35:50.844Z  INFO 29216 --- [nfoReplicator-0] com.netflix.discovery.DiscoveryClient    : DiscoveryClient_API-GATEWAY/host.docker.internal:api-gateway:8080 - registration status: 204
2025-01-20T20:35:50.885Z  INFO 29216 --- [           main] o.s.b.w.embedded.tomcat.TomcatWebServer  : Tomcat started on port(s): 8080 (http) with context path ''
2025-01-20T20:35:50.887Z  INFO 29216 --- [           main] .s.c.n.e.s.EurekaAutoServiceRegistration : Updating port to 8080
2025-01-20T20:35:51.578Z DEBUG 29216 --- [           main] o.s.c.g.filter.GatewayMetricsFilter      : New routes count: 0
2025-01-20T20:35:51.580Z  INFO 29216 --- [           main] com.example.ApiGatewayApplication        : Started ApiGatewayApplication in 4.52 seconds (process running for 23.251)
Aplicação iniciou com sucesso!
]]></system-out>
  </testcase>
  <testcase name="contextLoads" classname="com.example.ApiGatewayApplicationTest" time="0.005">
    <system-out><![CDATA[Contexto carregado com Sucesso!
]]></system-out>
  </testcase>
</testsuite>