<?xml version="1.0" encoding="UTF-8"?>
<testsuite xmlns:xsi="http://www.w3.org/2001/XMLSchema-instance" xsi:noNamespaceSchemaLocation="https://maven.apache.org/surefire/maven-surefire-plugin/xsd/surefire-test-report-3.0.xsd" version="3.0" name="org.example.EurekaServerApplicationTests" time="8.502" tests="2" errors="0" skipped="0" failures="0">
  <properties>
[...]
</properties>
  <testcase name="applicationsStarts" classname="org.example.EurekaServerApplicationTests" time="3.893">
    <system-out><![CDATA[22:46:13.403 [main] INFO org.springframework.test.context.support.AnnotationConfigContextLoaderUtils -- Could not detect default configuration classes for test class [org.example.EurekaServerApplicationTests]: EurekaServerApplicationTests does not declare any static, non-private, non-final, nested classes annotated with @Configuration.
22:46:13.497 [main] INFO org.springframework.boot.test.context.SpringBootTestContextBootstrapper -- Found @SpringBootConfiguration org.example.EurekaServerApplication for test class org.example.EurekaServerApplicationTests
                             ,--.
 ,---. ,--.,--.,--.--. ,---. |  |,-. ,--,--.,-----. ,---. ,---. ,--.--.,--.  ,--.,---. ,--.--.
| .-. :|  ||  ||  .--'| .-. :|     /' ,-.  |'-----'(  .-'| .-. :|  .--' \  `'  /| .-. :|  .--'
\   --.'  ''  '|  |   \   --.|  \  \\ '-'  |       .-'  `)   --.|  |     \    / \   --.|  |
 `----' `----' `--'    `----'`--'`--'`--`--'       `----' `----'`--'      `--'   `----'`--'

eureka-server - Componente de Suporte -v0.0
Desenvolvido para ESTG - MTSDS por Célia Paiva - nº 8220954

Powered by Spring Boot 3.1.2
Run in: 8761
2024-12-16T22:46:14.097Z  INFO 26184 --- [           main] o.example.EurekaServerApplicationTests   : Starting EurekaServerApplicationTests using Java 17.0.6 with PID 26184 (started by celia in C:\Users\celia\meus_projetos\mtsdsgrupo7\eureka-server)
2024-12-16T22:46:14.099Z  INFO 26184 --- [           main] o.example.EurekaServerApplicationTests   : No active profile set, falling back to 1 default profile: "default"
2024-12-16T22:46:15.367Z  INFO 26184 --- [           main] o.s.cloud.context.scope.GenericScope     : BeanFactory id=cdb9a419-b636-3176-86b3-dc75b5c54e9d
2024-12-16T22:46:17.151Z  WARN 26184 --- [           main] iguration$LoadBalancerCaffeineWarnLogger : Spring Cloud LoadBalancer is currently working with the default cache. While this cache implementation is useful for development and tests, it's recommended to use Caffeine cache in production.You can switch to using Caffeine cache, by adding it and org.springframework.cache.caffeine.CaffeineCacheManager to the classpath.
2024-12-16T22:46:17.370Z  INFO 26184 --- [           main] o.s.c.n.eureka.InstanceInfoFactory       : Setting initial instance status as: STARTING
2024-12-16T22:46:17.397Z  INFO 26184 --- [           main] com.netflix.discovery.DiscoveryClient    : Initializing Eureka in region us-east-1
2024-12-16T22:46:17.399Z  INFO 26184 --- [           main] com.netflix.discovery.DiscoveryClient    : Client configured to neither register nor query for data.
2024-12-16T22:46:17.410Z  INFO 26184 --- [           main] com.netflix.discovery.DiscoveryClient    : Discovery Client initialized at timestamp 1734389177407 with initial instances count: 0
2024-12-16T22:46:17.456Z  INFO 26184 --- [           main] c.n.eureka.DefaultEurekaServerContext    : Initializing ...
2024-12-16T22:46:17.458Z  WARN 26184 --- [           main] c.n.eureka.cluster.PeerEurekaNodes       : The replica size seems to be empty. Check the route 53 DNS Registry
2024-12-16T22:46:17.539Z  INFO 26184 --- [           main] c.n.e.registry.AbstractInstanceRegistry  : Finished initializing remote region registries. All known remote regions: []
2024-12-16T22:46:17.540Z  INFO 26184 --- [           main] c.n.eureka.DefaultEurekaServerContext    : Initialized
2024-12-16T22:46:17.727Z  INFO 26184 --- [           main] o.s.b.a.e.web.EndpointLinksResolver      : Exposing 1 endpoint(s) beneath base path '/actuator'
2024-12-16T22:46:17.783Z  INFO 26184 --- [           main] o.s.c.n.e.s.EurekaServiceRegistry        : Registering application EUREKA-SERVER with eureka with status UP
2024-12-16T22:46:17.803Z  INFO 26184 --- [      Thread-10] o.s.c.n.e.server.EurekaServerBootstrap   : isAws returned false
2024-12-16T22:46:17.804Z  INFO 26184 --- [      Thread-10] o.s.c.n.e.server.EurekaServerBootstrap   : Initialized server context
2024-12-16T22:46:17.804Z  INFO 26184 --- [      Thread-10] c.n.e.r.PeerAwareInstanceRegistryImpl    : Got 1 instances from neighboring DS node
2024-12-16T22:46:17.804Z  INFO 26184 --- [      Thread-10] c.n.e.r.PeerAwareInstanceRegistryImpl    : Renew threshold is: 1
2024-12-16T22:46:17.805Z  INFO 26184 --- [      Thread-10] c.n.e.r.PeerAwareInstanceRegistryImpl    : Changing status to UP
2024-12-16T22:46:17.812Z  INFO 26184 --- [           main] o.example.EurekaServerApplicationTests   : Started EurekaServerApplicationTests in 4.158 seconds (process running for 5.106)
2024-12-16T22:46:17.818Z  INFO 26184 --- [      Thread-10] e.s.EurekaServerInitializerConfiguration : Started Eureka Server
                             ,--.
 ,---. ,--.,--.,--.--. ,---. |  |,-. ,--,--.,-----. ,---. ,---. ,--.--.,--.  ,--.,---. ,--.--.
| .-. :|  ||  ||  .--'| .-. :|     /' ,-.  |'-----'(  .-'| .-. :|  .--' \  `'  /| .-. :|  .--'
\   --.'  ''  '|  |   \   --.|  \  \\ '-'  |       .-'  `)   --.|  |     \    / \   --.|  |
 `----' `----' `--'    `----'`--'`--'`--`--'       `----' `----'`--'      `--'   `----'`--'

eureka-server - Componente de Suporte -v0.0
Desenvolvido para ESTG - MTSDS por Célia Paiva - nº 8220954

Powered by Spring Boot 3.1.2
Run in: 8761
2024-12-16T22:46:19.156Z  INFO 26184 --- [           main] org.example.EurekaServerApplication      : Starting EurekaServerApplication using Java 17.0.6 with PID 26184 (started by celia in C:\Users\celia\meus_projetos\mtsdsgrupo7\eureka-server)
2024-12-16T22:46:19.156Z  INFO 26184 --- [           main] org.example.EurekaServerApplication      : No active profile set, falling back to 1 default profile: "default"
2024-12-16T22:46:19.467Z  INFO 26184 --- [           main] o.s.cloud.context.scope.GenericScope     : BeanFactory id=01e60a93-bb8f-335a-8f29-68c6bf7e1a87
2024-12-16T22:46:19.697Z  INFO 26184 --- [           main] o.s.b.w.embedded.tomcat.TomcatWebServer  : Tomcat initialized with port(s): 8761 (http)
2024-12-16T22:46:19.712Z  INFO 26184 --- [           main] o.apache.catalina.core.StandardService   : Starting service [Tomcat]
2024-12-16T22:46:19.713Z  INFO 26184 --- [           main] o.apache.catalina.core.StandardEngine    : Starting Servlet engine: [Apache Tomcat/10.1.11]
2024-12-16T22:46:19.882Z  INFO 26184 --- [           main] o.a.c.c.C.[Tomcat].[localhost].[/]       : Initializing Spring embedded WebApplicationContext
2024-12-16T22:46:19.883Z  INFO 26184 --- [           main] w.s.c.ServletWebServerApplicationContext : Root WebApplicationContext: initialization completed in 724 ms
2024-12-16T22:46:20.695Z  INFO 26184 --- [           main] c.n.d.provider.DiscoveryJerseyProvider   : Using JSON encoding codec LegacyJacksonJson
2024-12-16T22:46:20.696Z  INFO 26184 --- [           main] c.n.d.provider.DiscoveryJerseyProvider   : Using JSON decoding codec LegacyJacksonJson
2024-12-16T22:46:20.696Z  INFO 26184 --- [           main] c.n.d.provider.DiscoveryJerseyProvider   : Using XML encoding codec XStreamXml
2024-12-16T22:46:20.696Z  INFO 26184 --- [           main] c.n.d.provider.DiscoveryJerseyProvider   : Using XML decoding codec XStreamXml
2024-12-16T22:46:21.413Z  WARN 26184 --- [           main] iguration$LoadBalancerCaffeineWarnLogger : Spring Cloud LoadBalancer is currently working with the default cache. While this cache implementation is useful for development and tests, it's recommended to use Caffeine cache in production.You can switch to using Caffeine cache, by adding it and org.springframework.cache.caffeine.CaffeineCacheManager to the classpath.
2024-12-16T22:46:21.418Z  INFO 26184 --- [           main] o.s.c.n.eureka.InstanceInfoFactory       : Setting initial instance status as: STARTING
2024-12-16T22:46:21.418Z  INFO 26184 --- [           main] com.netflix.discovery.DiscoveryClient    : Initializing Eureka in region us-east-1
2024-12-16T22:46:21.418Z  INFO 26184 --- [           main] com.netflix.discovery.DiscoveryClient    : Client configured to neither register nor query for data.
2024-12-16T22:46:21.418Z  INFO 26184 --- [           main] com.netflix.discovery.DiscoveryClient    : Discovery Client initialized at timestamp 1734389181418 with initial instances count: 0
2024-12-16T22:46:21.421Z  INFO 26184 --- [           main] c.n.eureka.DefaultEurekaServerContext    : Initializing ...
2024-12-16T22:46:21.422Z  WARN 26184 --- [           main] c.n.eureka.cluster.PeerEurekaNodes       : The replica size seems to be empty. Check the route 53 DNS Registry
2024-12-16T22:46:21.428Z  INFO 26184 --- [           main] c.n.e.registry.AbstractInstanceRegistry  : Finished initializing remote region registries. All known remote regions: []
2024-12-16T22:46:21.430Z  INFO 26184 --- [           main] c.n.eureka.DefaultEurekaServerContext    : Initialized
2024-12-16T22:46:21.434Z  INFO 26184 --- [           main] o.s.b.a.e.web.EndpointLinksResolver      : Exposing 1 endpoint(s) beneath base path '/actuator'
2024-12-16T22:46:21.447Z  INFO 26184 --- [           main] o.s.c.n.e.s.EurekaServiceRegistry        : Registering application EUREKA-SERVER with eureka with status UP
2024-12-16T22:46:21.449Z  INFO 26184 --- [      Thread-20] o.s.c.n.e.server.EurekaServerBootstrap   : isAws returned false
2024-12-16T22:46:21.449Z  INFO 26184 --- [      Thread-20] o.s.c.n.e.server.EurekaServerBootstrap   : Initialized server context
2024-12-16T22:46:21.449Z  INFO 26184 --- [      Thread-20] c.n.e.r.PeerAwareInstanceRegistryImpl    : Got 1 instances from neighboring DS node
2024-12-16T22:46:21.450Z  INFO 26184 --- [      Thread-20] c.n.e.r.PeerAwareInstanceRegistryImpl    : Renew threshold is: 1
2024-12-16T22:46:21.450Z  INFO 26184 --- [      Thread-20] c.n.e.r.PeerAwareInstanceRegistryImpl    : Changing status to UP
2024-12-16T22:46:21.458Z  INFO 26184 --- [      Thread-20] e.s.EurekaServerInitializerConfiguration : Started Eureka Server
2024-12-16T22:46:21.507Z  INFO 26184 --- [           main] o.s.b.w.embedded.tomcat.TomcatWebServer  : Tomcat started on port(s): 8761 (http) with context path ''
2024-12-16T22:46:21.508Z  INFO 26184 --- [           main] .s.c.n.e.s.EurekaAutoServiceRegistration : Updating port to 8761
2024-12-16T22:46:21.716Z  INFO 26184 --- [           main] org.example.EurekaServerApplication      : Started EurekaServerApplication in 2.799 seconds (process running for 9.01)
]]></system-out>
  </testcase>
  <testcase name="contextLoads" classname="org.example.EurekaServerApplicationTests" time="0.003"/>
</testsuite>