<?xml version="1.0" encoding="UTF-8"?>
<testsuite xmlns:xsi="http://www.w3.org/2001/XMLSchema-instance" xsi:noNamespaceSchemaLocation="https://maven.apache.org/surefire/maven-surefire-plugin/xsd/surefire-test-report-3.0.xsd" version="3.0" name="com.example.EurekaServerApplicationTests" time="15.174" tests="2" errors="0" skipped="0" failures="0">
  <properties>
[...]
</properties>
  <testcase name="applicationsStarts" classname="com.example.EurekaServerApplicationTests" time="6.645">
    <system-out><![CDATA[01:44:33.521 [main] INFO org.springframework.test.context.support.AnnotationConfigContextLoaderUtils -- Could not detect default configuration classes for test class [com.example.EurekaServerApplicationTests]: EurekaServerApplicationTests does not declare any static, non-private, non-final, nested classes annotated with @Configuration.
01:44:33.759 [main] INFO org.springframework.boot.test.context.SpringBootTestContextBootstrapper -- Found @SpringBootConfiguration com.example.EurekaServerApplication for test class com.example.EurekaServerApplicationTests
                             ,--.
 ,---. ,--.,--.,--.--. ,---. |  |,-. ,--,--.,-----. ,---. ,---. ,--.--.,--.  ,--.,---. ,--.--.
| .-. :|  ||  ||  .--'| .-. :|     /' ,-.  |'-----'(  .-'| .-. :|  .--' \  `'  /| .-. :|  .--'
\   --.'  ''  '|  |   \   --.|  \  \\ '-'  |       .-'  `)   --.|  |     \    / \   --.|  |
 `----' `----' `--'    `----'`--'`--'`--`--'       `----' `----'`--'      `--'   `----'`--'

eureka-server - Componente de Suporte -v0.0
Desenvolvido para ESTG - MTSDS por Célia Paiva - nº 8220954

Powered by Spring Boot 3.1.2
Run in: 8761
2025-01-19T01:44:35.020Z  INFO 5056 --- [           main] c.example.EurekaServerApplicationTests   : Starting EurekaServerApplicationTests using Java 17.0.6 with PID 5056 (started by celia in C:\Users\celia\meus_projetos\mtsdsgrupo7\eureka-server)
2025-01-19T01:44:35.024Z  INFO 5056 --- [           main] c.example.EurekaServerApplicationTests   : No active profile set, falling back to 1 default profile: "default"
2025-01-19T01:44:37.214Z  INFO 5056 --- [           main] o.s.cloud.context.scope.GenericScope     : BeanFactory id=cdb9a419-b636-3176-86b3-dc75b5c54e9d
2025-01-19T01:44:40.470Z  WARN 5056 --- [           main] iguration$LoadBalancerCaffeineWarnLogger : Spring Cloud LoadBalancer is currently working with the default cache. While this cache implementation is useful for development and tests, it's recommended to use Caffeine cache in production.You can switch to using Caffeine cache, by adding it and org.springframework.cache.caffeine.CaffeineCacheManager to the classpath.
2025-01-19T01:44:40.848Z  INFO 5056 --- [           main] o.s.c.n.eureka.InstanceInfoFactory       : Setting initial instance status as: STARTING
2025-01-19T01:44:40.911Z  INFO 5056 --- [           main] com.netflix.discovery.DiscoveryClient    : Initializing Eureka in region us-east-1
2025-01-19T01:44:40.914Z  INFO 5056 --- [           main] com.netflix.discovery.DiscoveryClient    : Client configured to neither register nor query for data.
2025-01-19T01:44:40.929Z  INFO 5056 --- [           main] com.netflix.discovery.DiscoveryClient    : Discovery Client initialized at timestamp 1737251080927 with initial instances count: 0
2025-01-19T01:44:41.006Z  INFO 5056 --- [           main] c.n.eureka.DefaultEurekaServerContext    : Initializing ...
2025-01-19T01:44:41.010Z  WARN 5056 --- [           main] c.n.eureka.cluster.PeerEurekaNodes       : The replica size seems to be empty. Check the route 53 DNS Registry
2025-01-19T01:44:41.115Z  INFO 5056 --- [           main] c.n.e.registry.AbstractInstanceRegistry  : Finished initializing remote region registries. All known remote regions: []
2025-01-19T01:44:41.117Z  INFO 5056 --- [           main] c.n.eureka.DefaultEurekaServerContext    : Initialized
2025-01-19T01:44:41.470Z  INFO 5056 --- [           main] o.s.b.a.e.web.EndpointLinksResolver      : Exposing 1 endpoint(s) beneath base path '/actuator'
2025-01-19T01:44:41.580Z  INFO 5056 --- [           main] o.s.c.n.e.s.EurekaServiceRegistry        : Registering application EUREKA-SERVER with eureka with status UP
2025-01-19T01:44:41.608Z  INFO 5056 --- [      Thread-10] o.s.c.n.e.server.EurekaServerBootstrap   : isAws returned false
2025-01-19T01:44:41.609Z  INFO 5056 --- [      Thread-10] o.s.c.n.e.server.EurekaServerBootstrap   : Initialized server context
2025-01-19T01:44:41.610Z  INFO 5056 --- [      Thread-10] c.n.e.r.PeerAwareInstanceRegistryImpl    : Got 1 instances from neighboring DS node
2025-01-19T01:44:41.610Z  INFO 5056 --- [      Thread-10] c.n.e.r.PeerAwareInstanceRegistryImpl    : Renew threshold is: 1
2025-01-19T01:44:41.610Z  INFO 5056 --- [      Thread-10] c.n.e.r.PeerAwareInstanceRegistryImpl    : Changing status to UP
2025-01-19T01:44:41.621Z  INFO 5056 --- [           main] c.example.EurekaServerApplicationTests   : Started EurekaServerApplicationTests in 7.506 seconds (process running for 9.566)
2025-01-19T01:44:41.632Z  INFO 5056 --- [      Thread-10] e.s.EurekaServerInitializerConfiguration : Started Eureka Server
                             ,--.
 ,---. ,--.,--.,--.--. ,---. |  |,-. ,--,--.,-----. ,---. ,---. ,--.--.,--.  ,--.,---. ,--.--.
| .-. :|  ||  ||  .--'| .-. :|     /' ,-.  |'-----'(  .-'| .-. :|  .--' \  `'  /| .-. :|  .--'
\   --.'  ''  '|  |   \   --.|  \  \\ '-'  |       .-'  `)   --.|  |     \    / \   --.|  |
 `----' `----' `--'    `----'`--'`--'`--`--'       `----' `----'`--'      `--'   `----'`--'

eureka-server - Componente de Suporte -v0.0
Desenvolvido para ESTG - MTSDS por Célia Paiva - nº 8220954

Powered by Spring Boot 3.1.2
Run in: 8761
2025-01-19T01:44:43.770Z  INFO 5056 --- [           main] com.example.EurekaServerApplication      : Starting EurekaServerApplication using Java 17.0.6 with PID 5056 (started by celia in C:\Users\celia\meus_projetos\mtsdsgrupo7\eureka-server)
2025-01-19T01:44:43.770Z  INFO 5056 --- [           main] com.example.EurekaServerApplication      : No active profile set, falling back to 1 default profile: "default"
2025-01-19T01:44:44.366Z  INFO 5056 --- [           main] o.s.cloud.context.scope.GenericScope     : BeanFactory id=01e60a93-bb8f-335a-8f29-68c6bf7e1a87
2025-01-19T01:44:44.691Z  INFO 5056 --- [           main] o.s.b.w.embedded.tomcat.TomcatWebServer  : Tomcat initialized with port(s): 8761 (http)
2025-01-19T01:44:44.714Z  INFO 5056 --- [           main] o.apache.catalina.core.StandardService   : Starting service [Tomcat]
2025-01-19T01:44:44.715Z  INFO 5056 --- [           main] o.apache.catalina.core.StandardEngine    : Starting Servlet engine: [Apache Tomcat/10.1.11]
2025-01-19T01:44:44.956Z  INFO 5056 --- [           main] o.a.c.c.C.[Tomcat].[localhost].[/]       : Initializing Spring embedded WebApplicationContext
2025-01-19T01:44:44.960Z  INFO 5056 --- [           main] w.s.c.ServletWebServerApplicationContext : Root WebApplicationContext: initialization completed in 1182 ms
2025-01-19T01:44:46.476Z  INFO 5056 --- [           main] c.n.d.provider.DiscoveryJerseyProvider   : Using JSON encoding codec LegacyJacksonJson
2025-01-19T01:44:46.476Z  INFO 5056 --- [           main] c.n.d.provider.DiscoveryJerseyProvider   : Using JSON decoding codec LegacyJacksonJson
2025-01-19T01:44:46.477Z  INFO 5056 --- [           main] c.n.d.provider.DiscoveryJerseyProvider   : Using XML encoding codec XStreamXml
2025-01-19T01:44:46.477Z  INFO 5056 --- [           main] c.n.d.provider.DiscoveryJerseyProvider   : Using XML decoding codec XStreamXml
2025-01-19T01:44:47.670Z  WARN 5056 --- [           main] iguration$LoadBalancerCaffeineWarnLogger : Spring Cloud LoadBalancer is currently working with the default cache. While this cache implementation is useful for development and tests, it's recommended to use Caffeine cache in production.You can switch to using Caffeine cache, by adding it and org.springframework.cache.caffeine.CaffeineCacheManager to the classpath.
2025-01-19T01:44:47.675Z  INFO 5056 --- [           main] o.s.c.n.eureka.InstanceInfoFactory       : Setting initial instance status as: STARTING
2025-01-19T01:44:47.676Z  INFO 5056 --- [           main] com.netflix.discovery.DiscoveryClient    : Initializing Eureka in region us-east-1
2025-01-19T01:44:47.676Z  INFO 5056 --- [           main] com.netflix.discovery.DiscoveryClient    : Client configured to neither register nor query for data.
2025-01-19T01:44:47.676Z  INFO 5056 --- [           main] com.netflix.discovery.DiscoveryClient    : Discovery Client initialized at timestamp 1737251087676 with initial instances count: 0
2025-01-19T01:44:47.681Z  INFO 5056 --- [           main] c.n.eureka.DefaultEurekaServerContext    : Initializing ...
2025-01-19T01:44:47.681Z  WARN 5056 --- [           main] c.n.eureka.cluster.PeerEurekaNodes       : The replica size seems to be empty. Check the route 53 DNS Registry
2025-01-19T01:44:47.688Z  INFO 5056 --- [           main] c.n.e.registry.AbstractInstanceRegistry  : Finished initializing remote region registries. All known remote regions: []
2025-01-19T01:44:47.690Z  INFO 5056 --- [           main] c.n.eureka.DefaultEurekaServerContext    : Initialized
2025-01-19T01:44:47.697Z  INFO 5056 --- [           main] o.s.b.a.e.web.EndpointLinksResolver      : Exposing 1 endpoint(s) beneath base path '/actuator'
2025-01-19T01:44:47.719Z  INFO 5056 --- [           main] o.s.c.n.e.s.EurekaServiceRegistry        : Registering application EUREKA-SERVER with eureka with status UP
2025-01-19T01:44:47.722Z  INFO 5056 --- [      Thread-20] o.s.c.n.e.server.EurekaServerBootstrap   : isAws returned false
2025-01-19T01:44:47.722Z  INFO 5056 --- [      Thread-20] o.s.c.n.e.server.EurekaServerBootstrap   : Initialized server context
2025-01-19T01:44:47.722Z  INFO 5056 --- [      Thread-20] c.n.e.r.PeerAwareInstanceRegistryImpl    : Got 1 instances from neighboring DS node
2025-01-19T01:44:47.722Z  INFO 5056 --- [      Thread-20] c.n.e.r.PeerAwareInstanceRegistryImpl    : Renew threshold is: 1
2025-01-19T01:44:47.723Z  INFO 5056 --- [      Thread-20] c.n.e.r.PeerAwareInstanceRegistryImpl    : Changing status to UP
2025-01-19T01:44:47.735Z  INFO 5056 --- [      Thread-20] e.s.EurekaServerInitializerConfiguration : Started Eureka Server
2025-01-19T01:44:47.789Z  INFO 5056 --- [           main] o.s.b.w.embedded.tomcat.TomcatWebServer  : Tomcat started on port(s): 8761 (http) with context path ''
2025-01-19T01:44:47.791Z  INFO 5056 --- [           main] .s.c.n.e.s.EurekaAutoServiceRegistration : Updating port to 8761
2025-01-19T01:44:48.276Z  INFO 5056 --- [           main] com.example.EurekaServerApplication      : Started EurekaServerApplication in 4.863 seconds (process running for 16.221)
]]></system-out>
  </testcase>
  <testcase name="contextLoads" classname="com.example.EurekaServerApplicationTests" time="0.006"/>
</testsuite>